Determining if the system is big endian passed with the following output:
Change Dir: /home/nick/workspace/rgb-symphony/opencv-2.4.9/release/CMakeFiles/CMakeTmp

Run Build Command:/usr/bin/make "cmTryCompileExec3036483465/fast"
/usr/bin/make -f CMakeFiles/cmTryCompileExec3036483465.dir/build.make CMakeFiles/cmTryCompileExec3036483465.dir/build
make[1]: Entering directory `/home/nick/workspace/rgb-symphony/opencv-2.4.9/release/CMakeFiles/CMakeTmp'
/usr/bin/cmake -E cmake_progress_report /home/nick/workspace/rgb-symphony/opencv-2.4.9/release/CMakeFiles/CMakeTmp/CMakeFiles 1
Building C object CMakeFiles/cmTryCompileExec3036483465.dir/TestEndianess.c.o
/usr/bin/cc   -fsigned-char -W -Wall -Werror=return-type -Werror=address -Werror=sequence-point -Wformat -Werror=format-security -Wmissing-declarations -Wmissing-prototypes -Wstrict-prototypes -Wundef -Winit-self -Wpointer-arith -Wshadow -Wno-narrowing -fdiagnostics-show-option -Wno-long-long -pthread -fomit-frame-pointer -msse -msse2 -msse3 -ffunction-sections  -O3 -DNDEBUG   -o CMakeFiles/cmTryCompileExec3036483465.dir/TestEndianess.c.o   -c /home/nick/workspace/rgb-symphony/opencv-2.4.9/release/CMakeFiles/CMakeTmp/TestEndianess.c
Linking C executable cmTryCompileExec3036483465
/usr/bin/cmake -E cmake_link_script CMakeFiles/cmTryCompileExec3036483465.dir/link.txt --verbose=1
/usr/bin/cc     -fsigned-char -W -Wall -Werror=return-type -Werror=address -Werror=sequence-point -Wformat -Werror=format-security -Wmissing-declarations -Wmissing-prototypes -Wstrict-prototypes -Wundef -Winit-self -Wpointer-arith -Wshadow -Wno-narrowing -fdiagnostics-show-option -Wno-long-long -pthread -fomit-frame-pointer -msse -msse2 -msse3 -ffunction-sections  -O3 -DNDEBUG    CMakeFiles/cmTryCompileExec3036483465.dir/TestEndianess.c.o  -o cmTryCompileExec3036483465 -rdynamic 
make[1]: Leaving directory `/home/nick/workspace/rgb-symphony/opencv-2.4.9/release/CMakeFiles/CMakeTmp'

TestEndianess.c:
/* A 16 bit integer is required. */
typedef unsigned short cmakeint16;

/* On a little endian machine, these 16bit ints will give "THIS IS LITTLE ENDIAN."
   On a big endian machine the characters will be exchanged pairwise. */
const cmakeint16 info_little[] =  {0x4854, 0x5349, 0x4920, 0x2053, 0x494c, 0x5454, 0x454c, 0x4520, 0x444e, 0x4149, 0x2e4e, 0x0000};

/* on a big endian machine, these 16bit ints will give "THIS IS BIG ENDIAN."
   On a little endian machine the characters will be exchanged pairwise. */
const cmakeint16 info_big[] =     {0x5448, 0x4953, 0x2049, 0x5320, 0x4249, 0x4720, 0x454e, 0x4449, 0x414e, 0x2e2e, 0x0000};

#ifdef __CLASSIC_C__
int main(argc, argv) int argc; char *argv[];
#else
int main(int argc, char *argv[])
#endif
{
  int require = 0;
  require += info_little[argc];
  require += info_big[argc];
  (void)argv;
  return require;
}


Determining size of off64_t failed with the following output:
Change Dir: /home/nick/workspace/rgb-symphony/opencv-2.4.9/release/CMakeFiles/CMakeTmp

Run Build Command:/usr/bin/make "cmTryCompileExec4116558416/fast"
/usr/bin/make -f CMakeFiles/cmTryCompileExec4116558416.dir/build.make CMakeFiles/cmTryCompileExec4116558416.dir/build
make[1]: Entering directory `/home/nick/workspace/rgb-symphony/opencv-2.4.9/release/CMakeFiles/CMakeTmp'
/usr/bin/cmake -E cmake_progress_report /home/nick/workspace/rgb-symphony/opencv-2.4.9/release/CMakeFiles/CMakeTmp/CMakeFiles 1
Building C object CMakeFiles/cmTryCompileExec4116558416.dir/OFF64_T.c.o
/usr/bin/cc   -fsigned-char -W -Wall -Werror=return-type -Werror=address -Werror=sequence-point -Wformat -Werror=format-security -Wmissing-declarations -Wmissing-prototypes -Wstrict-prototypes -Wundef -Winit-self -Wpointer-arith -Wshadow -Wno-narrowing -fdiagnostics-show-option -Wno-long-long -pthread -fomit-frame-pointer -msse -msse2 -msse3 -ffunction-sections  -O3 -DNDEBUG   -o CMakeFiles/cmTryCompileExec4116558416.dir/OFF64_T.c.o   -c /home/nick/workspace/rgb-symphony/opencv-2.4.9/release/CMakeFiles/CheckTypeSize/OFF64_T.c
/home/nick/workspace/rgb-symphony/opencv-2.4.9/release/CMakeFiles/CheckTypeSize/OFF64_T.c:17:22: error: ‘off64_t’ undeclared here (not in a function)
 #define SIZE (sizeof(off64_t))
                      ^
/home/nick/workspace/rgb-symphony/opencv-2.4.9/release/CMakeFiles/CheckTypeSize/OFF64_T.c:19:12: note: in expansion of macro ‘SIZE’
   ('0' + ((SIZE / 10000)%10)),
            ^
make[1]: *** [CMakeFiles/cmTryCompileExec4116558416.dir/OFF64_T.c.o] Error 1
make[1]: Leaving directory `/home/nick/workspace/rgb-symphony/opencv-2.4.9/release/CMakeFiles/CMakeTmp'
make: *** [cmTryCompileExec4116558416/fast] Error 2

/home/nick/workspace/rgb-symphony/opencv-2.4.9/release/CMakeFiles/CheckTypeSize/OFF64_T.c:
#include <sys/types.h>
#include <stdint.h>
#include <stddef.h>


#undef KEY
#if defined(__i386)
# define KEY '_','_','i','3','8','6'
#elif defined(__x86_64)
# define KEY '_','_','x','8','6','_','6','4'
#elif defined(__ppc__)
# define KEY '_','_','p','p','c','_','_'
#elif defined(__ppc64__)
# define KEY '_','_','p','p','c','6','4','_','_'
#endif

#define SIZE (sizeof(off64_t))
char info_size[] =  {'I', 'N', 'F', 'O', ':', 's','i','z','e','[',
  ('0' + ((SIZE / 10000)%10)),
  ('0' + ((SIZE / 1000)%10)),
  ('0' + ((SIZE / 100)%10)),
  ('0' + ((SIZE / 10)%10)),
  ('0' +  (SIZE    % 10)),
  ']',
#ifdef KEY
  ' ','k','e','y','[', KEY, ']',
#endif
  '\0'};

#ifdef __CLASSIC_C__
int main(argc, argv) int argc; char *argv[];
#else
int main(int argc, char *argv[])
#endif
{
  int require = 0;
  require += info_size[argc];
  (void)argv;
  return require;
}


Determining if the include file io.h exists failed with the following output:
Change Dir: /home/nick/workspace/rgb-symphony/opencv-2.4.9/release/CMakeFiles/CMakeTmp

Run Build Command:/usr/bin/make "cmTryCompileExec4250838251/fast"
/usr/bin/make -f CMakeFiles/cmTryCompileExec4250838251.dir/build.make CMakeFiles/cmTryCompileExec4250838251.dir/build
make[1]: Entering directory `/home/nick/workspace/rgb-symphony/opencv-2.4.9/release/CMakeFiles/CMakeTmp'
/usr/bin/cmake -E cmake_progress_report /home/nick/workspace/rgb-symphony/opencv-2.4.9/release/CMakeFiles/CMakeTmp/CMakeFiles 1
Building C object CMakeFiles/cmTryCompileExec4250838251.dir/CheckIncludeFile.c.o
/usr/bin/cc   -fsigned-char -W -Wall -Werror=return-type -Werror=address -Werror=sequence-point -Wformat -Werror=format-security -Wmissing-declarations -Wmissing-prototypes -Wstrict-prototypes -Wundef -Winit-self -Wpointer-arith -Wshadow -Wno-narrowing -fdiagnostics-show-option -Wno-long-long -pthread -fomit-frame-pointer -msse -msse2 -msse3 -ffunction-sections  -O3 -DNDEBUG   -o CMakeFiles/cmTryCompileExec4250838251.dir/CheckIncludeFile.c.o   -c /home/nick/workspace/rgb-symphony/opencv-2.4.9/release/CMakeFiles/CMakeTmp/CheckIncludeFile.c
/home/nick/workspace/rgb-symphony/opencv-2.4.9/release/CMakeFiles/CMakeTmp/CheckIncludeFile.c:1:16: fatal error: io.h: No such file or directory
 #include <io.h>
                ^
compilation terminated.
make[1]: *** [CMakeFiles/cmTryCompileExec4250838251.dir/CheckIncludeFile.c.o] Error 1
make[1]: Leaving directory `/home/nick/workspace/rgb-symphony/opencv-2.4.9/release/CMakeFiles/CMakeTmp'
make: *** [cmTryCompileExec4250838251/fast] Error 2


Determining if the function jbg_newlen exists failed with the following output:
Change Dir: /home/nick/workspace/rgb-symphony/opencv-2.4.9/release/CMakeFiles/CMakeTmp

Run Build Command:/usr/bin/make "cmTryCompileExec2253642660/fast"
/usr/bin/make -f CMakeFiles/cmTryCompileExec2253642660.dir/build.make CMakeFiles/cmTryCompileExec2253642660.dir/build
make[1]: Entering directory `/home/nick/workspace/rgb-symphony/opencv-2.4.9/release/CMakeFiles/CMakeTmp'
/usr/bin/cmake -E cmake_progress_report /home/nick/workspace/rgb-symphony/opencv-2.4.9/release/CMakeFiles/CMakeTmp/CMakeFiles 1
Building C object CMakeFiles/cmTryCompileExec2253642660.dir/CheckFunctionExists.c.o
/usr/bin/cc   -fsigned-char -W -Wall -Werror=return-type -Werror=address -Werror=sequence-point -Wformat -Werror=format-security -Wmissing-declarations -Wmissing-prototypes -Wstrict-prototypes -Wundef -Winit-self -Wpointer-arith -Wshadow -Wno-narrowing -fdiagnostics-show-option -Wno-long-long -pthread -fomit-frame-pointer -msse -msse2 -msse3 -ffunction-sections -DCHECK_FUNCTION_EXISTS=jbg_newlen -O3 -DNDEBUG   -o CMakeFiles/cmTryCompileExec2253642660.dir/CheckFunctionExists.c.o   -c /usr/share/cmake-2.8/Modules/CheckFunctionExists.c
/usr/share/cmake-2.8/Modules/CheckFunctionExists.c:3:1: warning: function declaration isn’t a prototype [-Wstrict-prototypes]
 char CHECK_FUNCTION_EXISTS();
 ^
Linking C executable cmTryCompileExec2253642660
/usr/bin/cmake -E cmake_link_script CMakeFiles/cmTryCompileExec2253642660.dir/link.txt --verbose=1
/usr/bin/cc     -fsigned-char -W -Wall -Werror=return-type -Werror=address -Werror=sequence-point -Wformat -Werror=format-security -Wmissing-declarations -Wmissing-prototypes -Wstrict-prototypes -Wundef -Winit-self -Wpointer-arith -Wshadow -Wno-narrowing -fdiagnostics-show-option -Wno-long-long -pthread -fomit-frame-pointer -msse -msse2 -msse3 -ffunction-sections -DCHECK_FUNCTION_EXISTS=jbg_newlen -O3 -DNDEBUG    CMakeFiles/cmTryCompileExec2253642660.dir/CheckFunctionExists.c.o  -o cmTryCompileExec2253642660 -rdynamic 
CMakeFiles/cmTryCompileExec2253642660.dir/CheckFunctionExists.c.o: In function `main':
CheckFunctionExists.c:(.text.startup.main+0xe): undefined reference to `jbg_newlen'
collect2: error: ld returned 1 exit status
make[1]: *** [cmTryCompileExec2253642660] Error 1
make[1]: Leaving directory `/home/nick/workspace/rgb-symphony/opencv-2.4.9/release/CMakeFiles/CMakeTmp'
make: *** [cmTryCompileExec2253642660/fast] Error 2


Determining if the include file linux/videodev.h exists failed with the following output:
Change Dir: /home/nick/workspace/rgb-symphony/opencv-2.4.9/release/CMakeFiles/CMakeTmp

Run Build Command:/usr/bin/make "cmTryCompileExec1151033672/fast"
/usr/bin/make -f CMakeFiles/cmTryCompileExec1151033672.dir/build.make CMakeFiles/cmTryCompileExec1151033672.dir/build
make[1]: Entering directory `/home/nick/workspace/rgb-symphony/opencv-2.4.9/release/CMakeFiles/CMakeTmp'
/usr/bin/cmake -E cmake_progress_report /home/nick/workspace/rgb-symphony/opencv-2.4.9/release/CMakeFiles/CMakeTmp/CMakeFiles 1
Building C object CMakeFiles/cmTryCompileExec1151033672.dir/CheckIncludeFile.c.o
/usr/bin/cc   -fsigned-char -W -Wall -Werror=return-type -Werror=address -Werror=sequence-point -Wformat -Werror=format-security -Wmissing-declarations -Wmissing-prototypes -Wstrict-prototypes -Wundef -Winit-self -Wpointer-arith -Wshadow -Wno-narrowing -fdiagnostics-show-option -Wno-long-long -pthread -fomit-frame-pointer -msse -msse2 -msse3 -ffunction-sections  -O3 -DNDEBUG   -o CMakeFiles/cmTryCompileExec1151033672.dir/CheckIncludeFile.c.o   -c /home/nick/workspace/rgb-symphony/opencv-2.4.9/release/CMakeFiles/CMakeTmp/CheckIncludeFile.c
/home/nick/workspace/rgb-symphony/opencv-2.4.9/release/CMakeFiles/CMakeTmp/CheckIncludeFile.c:1:28: fatal error: linux/videodev.h: No such file or directory
 #include <linux/videodev.h>
                            ^
compilation terminated.
make[1]: Leaving directory `/home/nick/workspace/rgb-symphony/opencv-2.4.9/release/CMakeFiles/CMakeTmp'
make[1]: *** [CMakeFiles/cmTryCompileExec1151033672.dir/CheckIncludeFile.c.o] Error 1
make: *** [cmTryCompileExec1151033672/fast] Error 2


Determining if the include file sys/videoio.h exists failed with the following output:
Change Dir: /home/nick/workspace/rgb-symphony/opencv-2.4.9/release/CMakeFiles/CMakeTmp

Run Build Command:/usr/bin/make "cmTryCompileExec3403951359/fast"
/usr/bin/make -f CMakeFiles/cmTryCompileExec3403951359.dir/build.make CMakeFiles/cmTryCompileExec3403951359.dir/build
make[1]: Entering directory `/home/nick/workspace/rgb-symphony/opencv-2.4.9/release/CMakeFiles/CMakeTmp'
/usr/bin/cmake -E cmake_progress_report /home/nick/workspace/rgb-symphony/opencv-2.4.9/release/CMakeFiles/CMakeTmp/CMakeFiles 1
Building C object CMakeFiles/cmTryCompileExec3403951359.dir/CheckIncludeFile.c.o
/usr/bin/cc   -fsigned-char -W -Wall -Werror=return-type -Werror=address -Werror=sequence-point -Wformat -Werror=format-security -Wmissing-declarations -Wmissing-prototypes -Wstrict-prototypes -Wundef -Winit-self -Wpointer-arith -Wshadow -Wno-narrowing -fdiagnostics-show-option -Wno-long-long -pthread -fomit-frame-pointer -msse -msse2 -msse3 -ffunction-sections  -O3 -DNDEBUG   -o CMakeFiles/cmTryCompileExec3403951359.dir/CheckIncludeFile.c.o   -c /home/nick/workspace/rgb-symphony/opencv-2.4.9/release/CMakeFiles/CMakeTmp/CheckIncludeFile.c
/home/nick/workspace/rgb-symphony/opencv-2.4.9/release/CMakeFiles/CMakeTmp/CheckIncludeFile.c:1:25: fatal error: sys/videoio.h: No such file or directory
 #include <sys/videoio.h>
                         ^
compilation terminated.
make[1]: *** [CMakeFiles/cmTryCompileExec3403951359.dir/CheckIncludeFile.c.o] Error 1
make[1]: Leaving directory `/home/nick/workspace/rgb-symphony/opencv-2.4.9/release/CMakeFiles/CMakeTmp'
make: *** [cmTryCompileExec3403951359/fast] Error 2


Determining if the include file libavformat/avformat.h exists failed with the following output:
Change Dir: /home/nick/workspace/rgb-symphony/opencv-2.4.9/release/CMakeFiles/CMakeTmp

Run Build Command:/usr/bin/make "cmTryCompileExec3680898731/fast"
/usr/bin/make -f CMakeFiles/cmTryCompileExec3680898731.dir/build.make CMakeFiles/cmTryCompileExec3680898731.dir/build
make[1]: Entering directory `/home/nick/workspace/rgb-symphony/opencv-2.4.9/release/CMakeFiles/CMakeTmp'
/usr/bin/cmake -E cmake_progress_report /home/nick/workspace/rgb-symphony/opencv-2.4.9/release/CMakeFiles/CMakeTmp/CMakeFiles 1
Building C object CMakeFiles/cmTryCompileExec3680898731.dir/CheckIncludeFile.c.o
/usr/bin/cc   -fsigned-char -W -Wall -Werror=return-type -Werror=address -Werror=sequence-point -Wformat -Werror=format-security -Wmissing-declarations -Wmissing-prototypes -Wstrict-prototypes -Wundef -Winit-self -Wpointer-arith -Wshadow -Wno-narrowing -fdiagnostics-show-option -Wno-long-long -pthread -fomit-frame-pointer -msse -msse2 -msse3 -ffunction-sections  -O3 -DNDEBUG   -o CMakeFiles/cmTryCompileExec3680898731.dir/CheckIncludeFile.c.o   -c /home/nick/workspace/rgb-symphony/opencv-2.4.9/release/CMakeFiles/CMakeTmp/CheckIncludeFile.c
/home/nick/workspace/rgb-symphony/opencv-2.4.9/release/CMakeFiles/CMakeTmp/CheckIncludeFile.c:1:34: fatal error: libavformat/avformat.h: No such file or directory
 #include <libavformat/avformat.h>
                                  ^
compilation terminated.
make[1]: *** [CMakeFiles/cmTryCompileExec3680898731.dir/CheckIncludeFile.c.o] Error 1
make[1]: Leaving directory `/home/nick/workspace/rgb-symphony/opencv-2.4.9/release/CMakeFiles/CMakeTmp'
make: *** [cmTryCompileExec3680898731/fast] Error 2


Determining if the include file ffmpeg/avformat.h exists failed with the following output:
Change Dir: /home/nick/workspace/rgb-symphony/opencv-2.4.9/release/CMakeFiles/CMakeTmp

Run Build Command:/usr/bin/make "cmTryCompileExec3236580458/fast"
/usr/bin/make -f CMakeFiles/cmTryCompileExec3236580458.dir/build.make CMakeFiles/cmTryCompileExec3236580458.dir/build
make[1]: Entering directory `/home/nick/workspace/rgb-symphony/opencv-2.4.9/release/CMakeFiles/CMakeTmp'
/usr/bin/cmake -E cmake_progress_report /home/nick/workspace/rgb-symphony/opencv-2.4.9/release/CMakeFiles/CMakeTmp/CMakeFiles 1
Building C object CMakeFiles/cmTryCompileExec3236580458.dir/CheckIncludeFile.c.o
/usr/bin/cc   -fsigned-char -W -Wall -Werror=return-type -Werror=address -Werror=sequence-point -Wformat -Werror=format-security -Wmissing-declarations -Wmissing-prototypes -Wstrict-prototypes -Wundef -Winit-self -Wpointer-arith -Wshadow -Wno-narrowing -fdiagnostics-show-option -Wno-long-long -pthread -fomit-frame-pointer -msse -msse2 -msse3 -ffunction-sections  -O3 -DNDEBUG   -o CMakeFiles/cmTryCompileExec3236580458.dir/CheckIncludeFile.c.o   -c /home/nick/workspace/rgb-symphony/opencv-2.4.9/release/CMakeFiles/CMakeTmp/CheckIncludeFile.c
/home/nick/workspace/rgb-symphony/opencv-2.4.9/release/CMakeFiles/CMakeTmp/CheckIncludeFile.c:1:29: fatal error: ffmpeg/avformat.h: No such file or directory
 #include <ffmpeg/avformat.h>
                             ^
compilation terminated.
make[1]: *** [CMakeFiles/cmTryCompileExec3236580458.dir/CheckIncludeFile.c.o] Error 1
make[1]: Leaving directory `/home/nick/workspace/rgb-symphony/opencv-2.4.9/release/CMakeFiles/CMakeTmp'
make: *** [cmTryCompileExec3236580458/fast] Error 2


